2018-09-20 14:49:09,310 [Worker-3] INFO  c.g.t.t.d.PublishedGradleVersions - Gradle version information cache is up-to-date. Trying to read.
2018-09-20 14:51:16,805 [Worker-7] WARN  org.eclipse.jgit.util.FS - Exception caught during execution of command '[git, --version]' in '/usr/bin', return code '1', error message 'xcode-select: note: no developer tools were found at '/Applications/Xcode.app', requesting install. Choose an option in the dialog to download the command line developer tools.
'
2018-09-26 14:15:02,934 [Worker-3] INFO  c.g.t.t.d.PublishedGradleVersions - Gradle version information cache is up-to-date. Trying to read.
2018-09-26 14:15:04,365 [Worker-9] WARN  org.eclipse.jgit.util.FS - Exception caught during execution of command '[git, --version]' in '/usr/bin', return code '1', error message 'xcode-select: note: no developer tools were found at '/Applications/Xcode.app', requesting install. Choose an option in the dialog to download the command line developer tools.
'
2018-09-26 14:28:12,417 [Worker-3] INFO  c.g.t.t.d.PublishedGradleVersions - Gradle version information cache is up-to-date. Trying to read.
2018-09-26 14:28:13,679 [Worker-1] WARN  org.eclipse.jgit.util.FS - Exception caught during execution of command '[git, --version]' in '/usr/bin', return code '1', error message 'xcode-select: note: no developer tools were found at '/Applications/Xcode.app', requesting install. Choose an option in the dialog to download the command line developer tools.
'
2018-09-26 23:26:39,258 [Worker-3] INFO  c.g.t.t.d.PublishedGradleVersions - Gradle version information cache is up-to-date. Trying to read.
2018-09-26 23:26:40,625 [Worker-3] WARN  org.eclipse.jgit.util.FS - Exception caught during execution of command '[git, --version]' in '/usr/bin', return code '1', error message 'xcode-select: note: no developer tools were found at '/Applications/Xcode.app', requesting install. Choose an option in the dialog to download the command line developer tools.
'
2018-09-26 23:29:28,783 [Worker-2] INFO  c.g.t.t.d.PublishedGradleVersions - Gradle version information cache is up-to-date. Trying to read.
2018-09-26 23:29:30,197 [Worker-6] WARN  org.eclipse.jgit.util.FS - Exception caught during execution of command '[git, --version]' in '/usr/bin', return code '1', error message 'xcode-select: note: no developer tools were found at '/Applications/Xcode.app', requesting install. Choose an option in the dialog to download the command line developer tools.
'
2018-09-27 00:10:59,952 [Worker-2] INFO  c.g.t.t.d.PublishedGradleVersions - Gradle version information cache is up-to-date. Trying to read.
2018-09-27 00:11:00,926 [Worker-2] WARN  org.eclipse.jgit.util.FS - Exception caught during execution of command '[git, --version]' in '/usr/bin', return code '1', error message 'xcode-select: note: no developer tools were found at '/Applications/Xcode.app', requesting install. Choose an option in the dialog to download the command line developer tools.
'
2018-09-27 00:16:48,108 [Worker-3] INFO  c.g.t.t.d.PublishedGradleVersions - Gradle version information cache is up-to-date. Trying to read.
2018-09-28 11:18:08,046 [Worker-1] INFO  c.g.t.t.d.PublishedGradleVersions - Gradle version information cache is out-of-date. Trying to update.
2018-09-28 11:29:22,179 [Worker-2] INFO  c.g.t.t.d.PublishedGradleVersions - Gradle version information cache is up-to-date. Trying to read.
2018-09-28 12:38:57,081 [Worker-4] INFO  c.g.t.t.d.PublishedGradleVersions - Gradle version information cache is up-to-date. Trying to read.
2018-10-04 14:26:12,974 [Worker-0] INFO  c.g.t.t.d.PublishedGradleVersions - Gradle version information cache is out-of-date. Trying to update.
2018-10-05 21:48:32,936 [Worker-1] INFO  c.g.t.t.d.PublishedGradleVersions - Gradle version information cache is up-to-date. Trying to read.
2018-10-06 11:09:49,853 [Worker-3] INFO  c.g.t.t.d.PublishedGradleVersions - Gradle version information cache is up-to-date. Trying to read.
2018-10-07 14:08:32,985 [Worker-0] INFO  c.g.t.t.d.PublishedGradleVersions - Gradle version information cache is out-of-date. Trying to update.
2018-10-08 14:22:17,988 [Worker-3] INFO  c.g.t.t.d.PublishedGradleVersions - Gradle version information cache is out-of-date. Trying to update.
2018-10-08 14:31:26,999 [Worker-1] INFO  c.g.t.t.d.PublishedGradleVersions - Gradle version information cache is up-to-date. Trying to read.
2018-10-08 20:10:12,459 [Worker-3] INFO  c.g.t.t.d.PublishedGradleVersions - Gradle version information cache is up-to-date. Trying to read.
2018-10-08 20:14:16,735 [Worker-2] INFO  c.g.t.t.d.PublishedGradleVersions - Gradle version information cache is up-to-date. Trying to read.
2018-10-10 14:21:28,755 [Worker-3] INFO  c.g.t.t.d.PublishedGradleVersions - Gradle version information cache is out-of-date. Trying to update.
2018-10-15 19:52:45,022 [Worker-3] INFO  c.g.t.t.d.PublishedGradleVersions - Gradle version information cache is out-of-date. Trying to update.
2018-10-16 14:18:26,137 [Worker-3] INFO  c.g.t.t.d.PublishedGradleVersions - Gradle version information cache is up-to-date. Trying to read.
2018-10-18 14:19:53,789 [Worker-2] INFO  c.g.t.t.d.PublishedGradleVersions - Gradle version information cache is up-to-date. Trying to read.
2018-10-18 14:19:55,111 [Worker-0] WARN  org.eclipse.jgit.util.FS - Exception caught during execution of command '[git, --version]' in '/usr/bin', return code '1', error message 'xcrun: error: invalid active developer path (/Library/Developer/CommandLineTools), missing xcrun at: /Library/Developer/CommandLineTools/usr/bin/xcrun
'
2018-10-20 21:12:44,177 [Worker-2] INFO  c.g.t.t.d.PublishedGradleVersions - Gradle version information cache is up-to-date. Trying to read.
2018-10-20 21:12:45,405 [Worker-1] WARN  org.eclipse.jgit.util.FS - Exception caught during execution of command '[git, --version]' in '/usr/bin', return code '1', error message 'xcrun: error: invalid active developer path (/Library/Developer/CommandLineTools), missing xcrun at: /Library/Developer/CommandLineTools/usr/bin/xcrun
'
2018-10-20 22:36:18,878 [Worker-0] INFO  c.g.t.t.d.PublishedGradleVersions - Gradle version information cache is up-to-date. Trying to read.
2018-10-20 22:36:20,225 [Worker-0] WARN  org.eclipse.jgit.util.FS - Exception caught during execution of command '[git, --version]' in '/usr/bin', return code '1', error message 'xcrun: error: invalid active developer path (/Library/Developer/CommandLineTools), missing xcrun at: /Library/Developer/CommandLineTools/usr/bin/xcrun
'
2018-10-20 23:06:31,421 [Worker-0] INFO  c.g.t.t.d.PublishedGradleVersions - Gradle version information cache is up-to-date. Trying to read.
2018-10-20 23:06:32,853 [Worker-5] WARN  org.eclipse.jgit.util.FS - Exception caught during execution of command '[git, --version]' in '/usr/bin', return code '1', error message 'xcrun: error: invalid active developer path (/Library/Developer/CommandLineTools), missing xcrun at: /Library/Developer/CommandLineTools/usr/bin/xcrun
'
2018-10-22 14:17:07,719 [Worker-0] INFO  c.g.t.t.d.PublishedGradleVersions - Gradle version information cache is out-of-date. Trying to update.
2018-10-22 14:17:09,596 [Worker-1] WARN  org.eclipse.jgit.util.FS - Exception caught during execution of command '[git, --version]' in '/usr/bin', return code '1', error message 'xcrun: error: invalid active developer path (/Library/Developer/CommandLineTools), missing xcrun at: /Library/Developer/CommandLineTools/usr/bin/xcrun
'
2018-10-22 15:00:11,820 [Worker-1] WARN  org.eclipse.jgit.util.FS - Exception caught during execution of command '[git, --version]' in '/usr/bin', return code '1', error message 'xcrun: error: invalid active developer path (/Library/Developer/CommandLineTools), missing xcrun at: /Library/Developer/CommandLineTools/usr/bin/xcrun
'
2018-10-24 12:26:50,051 [Worker-2] INFO  c.g.t.t.d.PublishedGradleVersions - Gradle version information cache is out-of-date. Trying to update.
2018-10-24 12:26:50,962 [Worker-3] WARN  org.eclipse.jgit.util.FS - Exception caught during execution of command '[git, --version]' in '/usr/bin', return code '1', error message 'xcrun: error: invalid active developer path (/Library/Developer/CommandLineTools), missing xcrun at: /Library/Developer/CommandLineTools/usr/bin/xcrun
'
2018-10-24 12:31:01,216 [Worker-4] WARN  org.eclipse.jgit.util.FS - Exception caught during execution of command '[git, --version]' in '/usr/bin', return code '1', error message 'xcrun: error: invalid active developer path (/Library/Developer/CommandLineTools), missing xcrun at: /Library/Developer/CommandLineTools/usr/bin/xcrun
'
2018-10-24 14:19:28,184 [Worker-0] INFO  c.g.t.t.d.PublishedGradleVersions - Gradle version information cache is up-to-date. Trying to read.
2018-10-24 14:19:29,566 [Worker-5] WARN  org.eclipse.jgit.util.FS - Exception caught during execution of command '[git, --version]' in '/usr/bin', return code '1', error message 'xcrun: error: invalid active developer path (/Library/Developer/CommandLineTools), missing xcrun at: /Library/Developer/CommandLineTools/usr/bin/xcrun
'
2018-10-25 09:20:55,039 [Worker-0] INFO  c.g.t.t.d.PublishedGradleVersions - Gradle version information cache is up-to-date. Trying to read.
2018-10-25 09:20:56,152 [Worker-3] WARN  org.eclipse.jgit.util.FS - Exception caught during execution of command '[git, --version]' in '/usr/bin', return code '1', error message 'xcrun: error: invalid active developer path (/Library/Developer/CommandLineTools), missing xcrun at: /Library/Developer/CommandLineTools/usr/bin/xcrun
'
2018-10-26 15:42:44,723 [Worker-1] INFO  c.g.t.t.d.PublishedGradleVersions - Gradle version information cache is out-of-date. Trying to update.
2018-10-26 15:42:45,916 [Worker-5] WARN  org.eclipse.jgit.util.FS - Exception caught during execution of command '[git, --version]' in '/usr/bin', return code '1', error message 'xcrun: error: invalid active developer path (/Library/Developer/CommandLineTools), missing xcrun at: /Library/Developer/CommandLineTools/usr/bin/xcrun
'
2018-10-30 14:24:12,971 [Worker-3] INFO  c.g.t.t.d.PublishedGradleVersions - Gradle version information cache is out-of-date. Trying to update.
2018-10-30 14:24:14,446 [Worker-4] WARN  org.eclipse.jgit.util.FS - Exception caught during execution of command '[git, --version]' in '/usr/bin', return code '1', error message 'xcrun: error: invalid active developer path (/Library/Developer/CommandLineTools), missing xcrun at: /Library/Developer/CommandLineTools/usr/bin/xcrun
'
2018-11-01 14:16:30,527 [Worker-2] INFO  c.g.t.t.d.PublishedGradleVersions - Gradle version information cache is out-of-date. Trying to update.
2018-11-01 14:16:31,619 [Worker-0] WARN  org.eclipse.jgit.util.FS - Exception caught during execution of command '[git, --version]' in '/usr/bin', return code '1', error message 'xcrun: error: invalid active developer path (/Library/Developer/CommandLineTools), missing xcrun at: /Library/Developer/CommandLineTools/usr/bin/xcrun
'
2018-11-02 14:23:31,776 [Worker-3] INFO  c.g.t.t.d.PublishedGradleVersions - Gradle version information cache is out-of-date. Trying to update.
2018-11-02 14:23:33,076 [Worker-7] WARN  org.eclipse.jgit.util.FS - Exception caught during execution of command '[git, --version]' in '/usr/bin', return code '1', error message 'xcrun: error: invalid active developer path (/Library/Developer/CommandLineTools), missing xcrun at: /Library/Developer/CommandLineTools/usr/bin/xcrun
'
2018-11-04 20:11:28,425 [Worker-1] INFO  c.g.t.t.d.PublishedGradleVersions - Gradle version information cache is out-of-date. Trying to update.
2018-11-04 20:11:30,008 [Worker-0] WARN  org.eclipse.jgit.util.FS - Exception caught during execution of command '[git, --version]' in '/usr/bin', return code '1', error message 'xcrun: error: invalid active developer path (/Library/Developer/CommandLineTools), missing xcrun at: /Library/Developer/CommandLineTools/usr/bin/xcrun
'
2018-11-04 21:06:04,437 [Worker-2] INFO  c.g.t.t.d.PublishedGradleVersions - Gradle version information cache is up-to-date. Trying to read.
2018-11-04 21:06:06,162 [Worker-6] WARN  org.eclipse.jgit.util.FS - Exception caught during execution of command '[git, --version]' in '/usr/bin', return code '1', error message 'xcrun: error: invalid active developer path (/Library/Developer/CommandLineTools), missing xcrun at: /Library/Developer/CommandLineTools/usr/bin/xcrun
'
2018-11-05 13:30:27,907 [Worker-1] INFO  c.g.t.t.d.PublishedGradleVersions - Gradle version information cache is up-to-date. Trying to read.
2018-11-05 13:30:28,795 [Worker-3] WARN  org.eclipse.jgit.util.FS - Exception caught during execution of command '[git, --version]' in '/usr/bin', return code '1', error message 'xcrun: error: invalid active developer path (/Library/Developer/CommandLineTools), missing xcrun at: /Library/Developer/CommandLineTools/usr/bin/xcrun
'
2018-11-05 17:22:24,020 [Worker-0] INFO  c.g.t.t.d.PublishedGradleVersions - Gradle version information cache is up-to-date. Trying to read.
2018-11-05 17:22:25,342 [Worker-2] WARN  org.eclipse.jgit.util.FS - Exception caught during execution of command '[git, --version]' in '/usr/bin', return code '1', error message 'xcrun: error: invalid active developer path (/Library/Developer/CommandLineTools), missing xcrun at: /Library/Developer/CommandLineTools/usr/bin/xcrun
'
2018-11-05 18:26:38,205 [Worker-0] INFO  c.g.t.t.d.PublishedGradleVersions - Gradle version information cache is up-to-date. Trying to read.
2018-11-05 18:26:39,440 [Worker-2] WARN  org.eclipse.jgit.util.FS - Exception caught during execution of command '[git, --version]' in '/usr/bin', return code '1', error message 'xcrun: error: invalid active developer path (/Library/Developer/CommandLineTools), missing xcrun at: /Library/Developer/CommandLineTools/usr/bin/xcrun
'
2018-11-05 21:52:04,278 [Worker-4] INFO  c.g.t.t.d.PublishedGradleVersions - Gradle version information cache is out-of-date. Trying to update.
2018-11-05 21:52:05,581 [Worker-2] WARN  org.eclipse.jgit.util.FS - Exception caught during execution of command '[git, --version]' in '/usr/bin', return code '1', error message 'xcrun: error: invalid active developer path (/Library/Developer/CommandLineTools), missing xcrun at: /Library/Developer/CommandLineTools/usr/bin/xcrun
'
2018-11-08 00:09:37,372 [Worker-2] INFO  c.g.t.t.d.PublishedGradleVersions - Gradle version information cache is out-of-date. Trying to update.
2018-11-08 00:09:38,526 [Worker-7] WARN  org.eclipse.jgit.util.FS - Exception caught during execution of command '[git, --version]' in '/usr/bin', return code '1', error message 'xcrun: error: invalid active developer path (/Library/Developer/CommandLineTools), missing xcrun at: /Library/Developer/CommandLineTools/usr/bin/xcrun
'
2018-11-12 14:16:12,991 [Worker-0] INFO  c.g.t.t.d.PublishedGradleVersions - Gradle version information cache is out-of-date. Trying to update.
2018-11-12 14:16:14,407 [Worker-6] WARN  org.eclipse.jgit.util.FS - Exception caught during execution of command '[git, --version]' in '/usr/bin', return code '1', error message 'xcrun: error: invalid active developer path (/Library/Developer/CommandLineTools), missing xcrun at: /Library/Developer/CommandLineTools/usr/bin/xcrun
'
2018-11-13 19:34:45,820 [Worker-0] INFO  c.g.t.t.d.PublishedGradleVersions - Gradle version information cache is out-of-date. Trying to update.
2018-11-13 19:34:47,190 [Worker-6] WARN  org.eclipse.jgit.util.FS - Exception caught during execution of command '[git, --version]' in '/usr/bin', return code '1', error message 'xcrun: error: invalid active developer path (/Library/Developer/CommandLineTools), missing xcrun at: /Library/Developer/CommandLineTools/usr/bin/xcrun
'
2018-11-13 21:12:35,617 [Worker-1] INFO  c.g.t.t.d.PublishedGradleVersions - Gradle version information cache is up-to-date. Trying to read.
2018-11-13 21:12:36,889 [Worker-3] WARN  org.eclipse.jgit.util.FS - Exception caught during execution of command '[git, --version]' in '/usr/bin', return code '1', error message 'xcrun: error: invalid active developer path (/Library/Developer/CommandLineTools), missing xcrun at: /Library/Developer/CommandLineTools/usr/bin/xcrun
'
2018-11-14 00:25:27,283 [Worker-1] INFO  c.g.t.t.d.PublishedGradleVersions - Gradle version information cache is up-to-date. Trying to read.
2018-11-14 00:25:28,482 [Worker-2] WARN  org.eclipse.jgit.util.FS - Exception caught during execution of command '[git, --version]' in '/usr/bin', return code '1', error message 'xcrun: error: invalid active developer path (/Library/Developer/CommandLineTools), missing xcrun at: /Library/Developer/CommandLineTools/usr/bin/xcrun
'
2018-11-14 14:22:53,551 [Worker-4] INFO  c.g.t.t.d.PublishedGradleVersions - Gradle version information cache is up-to-date. Trying to read.
2018-11-14 14:22:54,843 [Worker-0] WARN  org.eclipse.jgit.util.FS - Exception caught during execution of command '[git, --version]' in '/usr/bin', return code '1', error message 'xcrun: error: invalid active developer path (/Library/Developer/CommandLineTools), missing xcrun at: /Library/Developer/CommandLineTools/usr/bin/xcrun
'
2018-11-14 16:14:34,646 [Worker-0] INFO  c.g.t.t.d.PublishedGradleVersions - Gradle version information cache is up-to-date. Trying to read.
2018-11-14 16:14:36,043 [Worker-4] WARN  org.eclipse.jgit.util.FS - Exception caught during execution of command '[git, --version]' in '/usr/bin', return code '1', error message 'xcrun: error: invalid active developer path (/Library/Developer/CommandLineTools), missing xcrun at: /Library/Developer/CommandLineTools/usr/bin/xcrun
'
2018-11-20 14:21:15,455 [Worker-2] INFO  c.g.t.t.d.PublishedGradleVersions - Gradle version information cache is out-of-date. Trying to update.
2018-11-20 14:21:16,873 [Worker-3] WARN  org.eclipse.jgit.util.FS - Exception caught during execution of command '[git, --version]' in '/usr/bin', return code '1', error message 'xcrun: error: invalid active developer path (/Library/Developer/CommandLineTools), missing xcrun at: /Library/Developer/CommandLineTools/usr/bin/xcrun
'
2018-11-20 16:33:03,134 [Worker-3] INFO  c.g.t.t.d.PublishedGradleVersions - Gradle version information cache is up-to-date. Trying to read.
2018-11-20 16:33:04,167 [Worker-5] WARN  org.eclipse.jgit.util.FS - Exception caught during execution of command '[git, --version]' in '/usr/bin', return code '1', error message 'xcrun: error: invalid active developer path (/Library/Developer/CommandLineTools), missing xcrun at: /Library/Developer/CommandLineTools/usr/bin/xcrun
'
2018-11-26 14:17:11,597 [Worker-3] INFO  c.g.t.t.d.PublishedGradleVersions - Gradle version information cache is out-of-date. Trying to update.
2018-11-26 14:17:12,988 [Worker-1] WARN  org.eclipse.jgit.util.FS - Exception caught during execution of command '[git, --version]' in '/usr/bin', return code '1', error message 'xcrun: error: invalid active developer path (/Library/Developer/CommandLineTools), missing xcrun at: /Library/Developer/CommandLineTools/usr/bin/xcrun
'
2018-11-28 14:20:43,528 [Worker-3] INFO  c.g.t.t.d.PublishedGradleVersions - Gradle version information cache is out-of-date. Trying to update.
2018-11-28 14:20:45,453 [Worker-4] WARN  org.eclipse.jgit.util.FS - Exception caught during execution of command '[git, --version]' in '/usr/bin', return code '1', error message 'xcrun: error: invalid active developer path (/Library/Developer/CommandLineTools), missing xcrun at: /Library/Developer/CommandLineTools/usr/bin/xcrun
'
2018-11-29 09:53:11,735 [Worker-2] INFO  c.g.t.t.d.PublishedGradleVersions - Gradle version information cache is up-to-date. Trying to read.
2018-11-29 09:53:12,971 [Worker-1] WARN  org.eclipse.jgit.util.FS - Exception caught during execution of command '[git, --version]' in '/usr/bin', return code '1', error message 'xcrun: error: invalid active developer path (/Library/Developer/CommandLineTools), missing xcrun at: /Library/Developer/CommandLineTools/usr/bin/xcrun
'
2018-12-03 22:51:09,923 [Worker-2] INFO  c.g.t.t.d.PublishedGradleVersions - Gradle version information cache is out-of-date. Trying to update.
2018-12-03 22:51:11,003 [Worker-0] WARN  org.eclipse.jgit.util.FS - Exception caught during execution of command '[git, --version]' in '/usr/bin', return code '1', error message 'xcrun: error: invalid active developer path (/Library/Developer/CommandLineTools), missing xcrun at: /Library/Developer/CommandLineTools/usr/bin/xcrun
'
2018-12-04 14:24:54,647 [Worker-4] INFO  c.g.t.t.d.PublishedGradleVersions - Gradle version information cache is up-to-date. Trying to read.
2018-12-04 14:24:55,943 [Worker-6] WARN  org.eclipse.jgit.util.FS - Exception caught during execution of command '[git, --version]' in '/usr/bin', return code '1', error message 'xcrun: error: invalid active developer path (/Library/Developer/CommandLineTools), missing xcrun at: /Library/Developer/CommandLineTools/usr/bin/xcrun
'
2018-12-06 14:23:50,378 [Worker-1] INFO  c.g.t.t.d.PublishedGradleVersions - Gradle version information cache is out-of-date. Trying to update.
2018-12-06 14:23:51,598 [Worker-4] WARN  org.eclipse.jgit.util.FS - Exception caught during execution of command '[git, --version]' in '/usr/bin', return code '1', error message 'xcrun: error: invalid active developer path (/Library/Developer/CommandLineTools), missing xcrun at: /Library/Developer/CommandLineTools/usr/bin/xcrun
'
2018-12-07 09:24:43,509 [Worker-1] INFO  c.g.t.t.d.PublishedGradleVersions - Gradle version information cache is up-to-date. Trying to read.
2018-12-07 09:24:44,913 [Worker-4] WARN  org.eclipse.jgit.util.FS - Exception caught during execution of command '[git, --version]' in '/usr/bin', return code '1', error message 'xcrun: error: invalid active developer path (/Library/Developer/CommandLineTools), missing xcrun at: /Library/Developer/CommandLineTools/usr/bin/xcrun
'
2018-12-09 00:02:42,265 [Worker-2] INFO  c.g.t.t.d.PublishedGradleVersions - Gradle version information cache is out-of-date. Trying to update.
2018-12-09 00:02:43,618 [Worker-7] WARN  org.eclipse.jgit.util.FS - Exception caught during execution of command '[git, --version]' in '/usr/bin', return code '1', error message 'xcrun: error: invalid active developer path (/Library/Developer/CommandLineTools), missing xcrun at: /Library/Developer/CommandLineTools/usr/bin/xcrun
'
2018-12-09 11:20:52,753 [Worker-4] INFO  c.g.t.t.d.PublishedGradleVersions - Gradle version information cache is up-to-date. Trying to read.
2018-12-09 11:20:54,378 [Worker-3] WARN  org.eclipse.jgit.util.FS - Exception caught during execution of command '[git, --version]' in '/usr/bin', return code '1', error message 'xcrun: error: invalid active developer path (/Library/Developer/CommandLineTools), missing xcrun at: /Library/Developer/CommandLineTools/usr/bin/xcrun
'
2018-12-10 14:20:22,989 [Worker-1] INFO  c.g.t.t.d.PublishedGradleVersions - Gradle version information cache is out-of-date. Trying to update.
2018-12-10 14:20:23,893 [Worker-6] WARN  org.eclipse.jgit.util.FS - Exception caught during execution of command '[git, --version]' in '/usr/bin', return code '1', error message 'xcrun: error: invalid active developer path (/Library/Developer/CommandLineTools), missing xcrun at: /Library/Developer/CommandLineTools/usr/bin/xcrun
'
2018-12-11 16:57:42,007 [Worker-1] INFO  c.g.t.t.d.PublishedGradleVersions - Gradle version information cache is out-of-date. Trying to update.
2018-12-11 16:57:43,711 [Worker-7] WARN  org.eclipse.jgit.util.FS - Exception caught during execution of command '[git, --version]' in '/usr/bin', return code '1', error message 'xcrun: error: invalid active developer path (/Library/Developer/CommandLineTools), missing xcrun at: /Library/Developer/CommandLineTools/usr/bin/xcrun
'
2018-12-11 19:57:41,183 [Worker-4] INFO  c.g.t.t.d.PublishedGradleVersions - Gradle version information cache is up-to-date. Trying to read.
2018-12-11 19:57:42,092 [Worker-6] WARN  org.eclipse.jgit.util.FS - Exception caught during execution of command '[git, --version]' in '/usr/bin', return code '1', error message 'xcrun: error: invalid active developer path (/Library/Developer/CommandLineTools), missing xcrun at: /Library/Developer/CommandLineTools/usr/bin/xcrun
'
2018-12-12 14:17:52,668 [Worker-4] INFO  c.g.t.t.d.PublishedGradleVersions - Gradle version information cache is up-to-date. Trying to read.
2018-12-12 14:17:53,937 [Worker-5] WARN  org.eclipse.jgit.util.FS - Exception caught during execution of command '[git, --version]' in '/usr/bin', return code '1', error message 'xcrun: error: invalid active developer path (/Library/Developer/CommandLineTools), missing xcrun at: /Library/Developer/CommandLineTools/usr/bin/xcrun
'
2018-12-18 14:53:46,460 [Worker-0] INFO  c.g.t.t.d.PublishedGradleVersions - Gradle version information cache is out-of-date. Trying to update.
2018-12-18 14:53:47,506 [Worker-1] WARN  org.eclipse.jgit.util.FS - Exception caught during execution of command '[git, --version]' in '/usr/bin', return code '1', error message 'xcrun: error: invalid active developer path (/Library/Developer/CommandLineTools), missing xcrun at: /Library/Developer/CommandLineTools/usr/bin/xcrun
'
2019-01-02 14:34:06,476 [Worker-0] INFO  c.g.t.t.d.PublishedGradleVersions - Gradle version information cache is out-of-date. Trying to update.
2019-01-02 14:34:07,334 [Worker-4] WARN  org.eclipse.jgit.util.FS - Exception caught during execution of command '[git, --version]' in '/usr/bin', return code '1', error message 'xcrun: error: invalid active developer path (/Library/Developer/CommandLineTools), missing xcrun at: /Library/Developer/CommandLineTools/usr/bin/xcrun
'
2019-01-03 08:35:08,248 [main] WARN  org.eclipse.jgit.util.FS - Exception caught during execution of command '[git, --version]' in '/usr/bin', return code '1', error message 'xcrun: error: invalid active developer path (/Library/Developer/CommandLineTools), missing xcrun at: /Library/Developer/CommandLineTools/usr/bin/xcrun
'
2019-01-03 08:36:35,278 [Worker-3] INFO  c.g.t.t.d.PublishedGradleVersions - Gradle version information cache is up-to-date. Trying to read.
2019-01-08 15:09:45,917 [Worker-1] INFO  c.g.t.t.d.PublishedGradleVersions - Gradle version information cache is out-of-date. Trying to update.
2019-01-08 15:09:47,047 [Worker-1] WARN  org.eclipse.jgit.util.FS - Exception caught during execution of command '[git, --version]' in '/usr/bin', return code '1', error message 'xcrun: error: invalid active developer path (/Library/Developer/CommandLineTools), missing xcrun at: /Library/Developer/CommandLineTools/usr/bin/xcrun
'
2019-01-10 14:24:36,117 [Worker-0] INFO  c.g.t.t.d.PublishedGradleVersions - Gradle version information cache is out-of-date. Trying to update.
2019-01-10 14:24:36,982 [Worker-5] WARN  org.eclipse.jgit.util.FS - Exception caught during execution of command '[git, --version]' in '/usr/bin', return code '1', error message 'xcrun: error: invalid active developer path (/Library/Developer/CommandLineTools), missing xcrun at: /Library/Developer/CommandLineTools/usr/bin/xcrun
'
2019-01-12 22:30:02,074 [Worker-2] INFO  c.g.t.t.d.PublishedGradleVersions - Gradle version information cache is out-of-date. Trying to update.
2019-01-12 22:30:02,972 [Worker-4] WARN  org.eclipse.jgit.util.FS - Exception caught during execution of command '[git, --version]' in '/usr/bin', return code '1', error message 'xcrun: error: invalid active developer path (/Library/Developer/CommandLineTools), missing xcrun at: /Library/Developer/CommandLineTools/usr/bin/xcrun
'
2019-01-13 00:08:10,789 [Worker-3] INFO  c.g.t.t.d.PublishedGradleVersions - Gradle version information cache is up-to-date. Trying to read.
2019-01-13 00:08:11,929 [Worker-5] WARN  org.eclipse.jgit.util.FS - Exception caught during execution of command '[git, --version]' in '/usr/bin', return code '1', error message 'xcrun: error: invalid active developer path (/Library/Developer/CommandLineTools), missing xcrun at: /Library/Developer/CommandLineTools/usr/bin/xcrun
'
2019-01-13 22:14:15,248 [Worker-1] INFO  c.g.t.t.d.PublishedGradleVersions - Gradle version information cache is up-to-date. Trying to read.
2019-01-13 22:14:16,299 [Worker-4] WARN  org.eclipse.jgit.util.FS - Exception caught during execution of command '[git, --version]' in '/usr/bin', return code '1', error message 'xcrun: error: invalid active developer path (/Library/Developer/CommandLineTools), missing xcrun at: /Library/Developer/CommandLineTools/usr/bin/xcrun
'
2019-01-14 13:06:02,680 [Worker-2] INFO  c.g.t.t.d.PublishedGradleVersions - Gradle version information cache is out-of-date. Trying to update.
2019-01-14 13:06:03,661 [Worker-2] WARN  org.eclipse.jgit.util.FS - Exception caught during execution of command '[git, --version]' in '/usr/bin', return code '1', error message 'xcrun: error: invalid active developer path (/Library/Developer/CommandLineTools), missing xcrun at: /Library/Developer/CommandLineTools/usr/bin/xcrun
'
2019-01-16 14:33:22,650 [Worker-3] INFO  c.g.t.t.d.PublishedGradleVersions - Gradle version information cache is out-of-date. Trying to update.
2019-01-16 14:33:23,594 [Worker-1] WARN  org.eclipse.jgit.util.FS - Exception caught during execution of command '[git, --version]' in '/usr/bin', return code '1', error message 'xcrun: error: invalid active developer path (/Library/Developer/CommandLineTools), missing xcrun at: /Library/Developer/CommandLineTools/usr/bin/xcrun
'
2019-01-29 14:20:50,351 [Worker-1] INFO  c.g.t.t.d.PublishedGradleVersions - Gradle version information cache is out-of-date. Trying to update.
2019-01-29 14:20:51,268 [Worker-3] WARN  org.eclipse.jgit.util.FS - Exception caught during execution of command '[git, --version]' in '/usr/bin', return code '1', error message 'xcrun: error: invalid active developer path (/Library/Developer/CommandLineTools), missing xcrun at: /Library/Developer/CommandLineTools/usr/bin/xcrun
'
2019-01-29 17:34:30,773 [Worker-0] WARN  org.eclipse.jgit.util.FS - Exception caught during execution of command '[git, --version]' in '/usr/bin', return code '1', error message 'xcrun: error: invalid active developer path (/Library/Developer/CommandLineTools), missing xcrun at: /Library/Developer/CommandLineTools/usr/bin/xcrun
'
2019-01-29 17:34:32,966 [Worker-0] INFO  c.g.t.t.d.PublishedGradleVersions - Gradle version information cache is up-to-date. Trying to read.
2019-01-29 21:51:28,847 [Worker-2] INFO  c.g.t.t.d.PublishedGradleVersions - Gradle version information cache is up-to-date. Trying to read.
2019-01-29 21:51:30,524 [Worker-4] WARN  org.eclipse.jgit.util.FS - Exception caught during execution of command '[git, --version]' in '/usr/bin', return code '1', error message 'xcrun: error: invalid active developer path (/Library/Developer/CommandLineTools), missing xcrun at: /Library/Developer/CommandLineTools/usr/bin/xcrun
'
